<?xml version="1.0" encoding="UTF-8"?>
<!-- Generated by org.testng.reporters.JUnitXMLReporter -->
<testsuite hostname="DESKTOP-2J9NN22" failures="0" tests="4" name="Test" time="7.685" errors="0" timestamp="17 Mar 2022 04:16:44 GMT">
  <testcase classname="RestTesting.Trello" name="createBoard" time="2.57"/>
  <testcase classname="RestTesting.TestEcomm" name="Login" time="3.864"/>
  <testcase classname="RestTesting.Trello" name="getBoard" time="0.475"/>
  <testcase classname="RestTesting.Trello" name="deleteBoard" time="0.731"/>
</testsuite> <!-- Test -->
