<?xml version="1.0" encoding="UTF-8"?>
<testng-results total="2" passed="2" failed="0" skipped="0">
  <reporter-output>
  </reporter-output>
  <suite started-at="2022-03-16T14:35:56Z" name="Default suite" finished-at="2022-03-16T14:36:07Z" duration-ms="11193">
    <groups>
    </groups>
    <test started-at="2022-03-16T14:35:56Z" name="Default test" finished-at="2022-03-16T14:36:07Z" duration-ms="11193">
      <class name="RestTesting.TestEcomm">
        <test-method signature="signup()[pri:0, instance:RestTesting.TestEcomm@68f4865]" started-at="2022-03-16T20:05:56Z" name="signup" finished-at="2022-03-16T20:06:03Z" duration-ms="7071" status="PASS">
          <reporter-output>
          </reporter-output>
        </test-method> <!-- signup -->
        <test-method signature="Login()[pri:1, instance:RestTesting.TestEcomm@68f4865]" started-at="2022-03-16T20:06:03Z" name="Login" finished-at="2022-03-16T20:06:07Z" duration-ms="4100" status="PASS">
          <reporter-output>
          </reporter-output>
        </test-method> <!-- Login -->
      </class> <!-- RestTesting.TestEcomm -->
    </test> <!-- Default test -->
  </suite> <!-- Default suite -->
</testng-results>
