<?xml version="1.0" encoding="UTF-8"?>
<!-- Generated by org.testng.reporters.JUnitXMLReporter -->
<testsuite hostname="DESKTOP-2J9NN22" name="Default test" tests="4" failures="0" timestamp="19 Mar 2022 12:25:13 GMT" time="16.089" errors="0">
  <testcase name="signup" time="6.691" classname="RestTesting.Example"/>
  <testcase name="login" time="4.09" classname="RestTesting.Example"/>
  <testcase name="getusers" time="3.309" classname="RestTesting.Example"/>
  <testcase name="deleteuser" time="1.979" classname="RestTesting.Example"/>
</testsuite> <!-- Default test -->
